<?xml version="1.0" encoding="utf-8"?><testsuites name="pytest tests"><testsuite name="pytest" errors="0" failures="0" skipped="0" tests="3" time="1.155" timestamp="2026-09-07T06:12:57.878975+00:00" hostname="agent-env-14cb320a-1f1b-4616-96a7-8cd1905977c1"><testcase classname="tests.test_debit_notes" name="test_list_debit_notes" time="0.485" /><testcase classname="tests.test_debit_notes" name="test_create_edit_delete_debit_note_and_ledger" time="0.488" /><testcase classname="tests.test_debit_notes" name="test_invoice_records_carry_lot" time="0.123" /></testsuite></testsuites>