<?xml version="1.0" encoding="utf-8"?><testsuites name="pytest tests"><testsuite name="pytest" errors="0" failures="0" skipped="0" tests="29" time="4.081" timestamp="2026-08-22T11:50:41.150874+00:00" hostname="agent-env-14cb320a-1f1b-4616-96a7-8cd1905977c1"><testcase classname="tests.test_iteration3.TestUsers" name="test_duplicate_email_rejected" time="0.748" /><testcase classname="tests.test_iteration3.TestUsers" name="test_short_password_rejected" time="0.081" /><testcase classname="tests.test_iteration3.TestUsers" name="test_invalid_role_rejected" time="0.278" /><testcase classname="tests.test_iteration3.TestOperatorPermissions" name="test_forbidden_gets[/ledger]" time="1.111" /><testcase classname="tests.test_iteration3.TestUsers" name="test_create_edit_reset_password_and_self_delete_guard" time="1.171" /><testcase classname="tests.test_iteration3.TestOperatorPermissions" name="test_forbidden_gets[/receipts]" time="0.043" /><testcase classname="tests.test_iteration3.TestOperatorPermissions" name="test_forbidden_gets[/credit-notes]" time="0.238" /><testcase classname="tests.test_iteration3.TestOperatorPermissions" name="test_forbidden_gets[/invoices]" time="0.043" /><testcase classname="tests.test_iteration3.TestOperatorPermissions" name="test_forbidden_gets[/reports/transactions]" time="0.043" /><testcase classname="tests.test_iteration3.TestOperatorPermissions" name="test_forbidden_gets[/outstanding]" time="0.085" /><testcase classname="tests.test_iteration3.TestOperatorPermissions" name="test_forbidden_gets[/users]" time="0.218" /><testcase classname="tests.test_iteration3.TestOperatorPermissions" name="test_allowed_gets[/vendors]" time="0.042" /><testcase classname="tests.test_iteration3.TestOperatorPermissions" name="test_allowed_gets[/farmers]" time="0.044" /><testcase classname="tests.test_iteration3.TestOperatorPermissions" name="test_allowed_gets[/products]" time="0.237" /><testcase classname="tests.test_iteration3.TestOperatorPermissions" name="test_allowed_gets[/purchases]" time="0.044" /><testcase classname="tests.test_iteration3.TestOperatorPermissions" name="test_allowed_gets[/sales]" time="0.093" /><testcase classname="tests.test_iteration3.TestOperatorPermissions" name="test_allowed_gets[/stock/seeds]" time="0.089" /><testcase classname="tests.test_iteration3.TestRateStats" name="test_rate_stats_returns_stats" time="0.344" /><testcase classname="tests.test_iteration3.TestOperatorPermissions" name="test_allowed_gets[/stock/lenobag]" time="0.044" /><testcase classname="tests.test_iteration3.TestOperatorPermissions" name="test_allowed_gets[/stock/potato]" time="0.043" /><testcase classname="tests.test_iteration3.TestOperatorPermissions" name="test_allowed_gets[/lots/trace]" time="0.086" /><testcase classname="tests.test_iteration3.TestOperatorPermissions" name="test_allowed_gets[/dashboard/summary]" time="0.050" /><testcase classname="tests.test_iteration3.TestOperatorPermissions" name="test_put_company_profile_forbidden" time="0.043" /><testcase classname="tests.test_iteration3.TestOperatorPermissions" name="test_dashboard_hides_farmer_balance" time="0.049" /><testcase classname="tests.test_iteration3.TestRateStats" name="test_rate_stats_empty" time="0.082" /><testcase classname="tests.test_iteration3.TestOperatorPermissions" name="test_operator_can_do_entry_work" time="0.482" /><testcase classname="tests.test_iteration3.TestRateStats" name="test_rate_stats_invalid_kind" time="0.039" /><testcase classname="tests.test_iteration3.TestGST" name="test_sale_with_gst_18" time="0.176" /><testcase classname="tests.test_iteration3.TestGST" name="test_sale_with_gst_zero" time="0.298" /></testsuite></testsuites>