<?xml version="1.0" encoding="utf-8"?><testsuites name="pytest tests"><testsuite name="pytest" errors="0" failures="0" skipped="0" tests="13" time="16.160" timestamp="2026-08-22T13:25:44.819006+00:00" hostname="agent-env-14cb320a-1f1b-4616-96a7-8cd1905977c1"><testcase classname="tests.test_iteration6.TestPartialPayments" name="test_operator_forbidden" time="1.420" /><testcase classname="tests.test_iteration6.TestPartialPayments" name="test_unknown_sale_404" time="0.117" /><testcase classname="tests.test_iteration6.TestPartialPayments" name="test_amount_zero_400" time="0.698" /><testcase classname="tests.test_iteration6.TestPartialPayments" name="test_partial_then_full_flip" time="0.907" /><testcase classname="tests.test_iteration6.TestPartialPayments" name="test_overpay_400" time="0.651" /><testcase classname="tests.test_iteration6.TestInvoicesPaidBalance" name="test_invoice_rows_have_paid_balance" time="1.786" /><testcase classname="tests.test_iteration6.TestInvoicesPaidBalance" name="test_outstanding_no_double_count" time="1.052" /><testcase classname="tests.test_iteration6.TestFarmerPartialLedger" name="test_farmer_partial_creates_ledger_credit" time="0.665" /><testcase classname="tests.test_iteration6.TestReorder" name="test_reorder_shape_and_excludes_no_sales" time="2.194" /><testcase classname="tests.test_iteration6.TestBalanceReminders" name="test_no_secret_401" time="0.172" /><testcase classname="tests.test_iteration6.TestBalanceReminders" name="test_wrong_secret_401" time="0.100" /><testcase classname="tests.test_iteration6.TestBalanceReminders" name="test_correct_secret_and_idempotency" time="6.335" /><testcase classname="tests.test_iteration6.TestCronsYaml" name="test_two_valid_crons" time="0.001" /></testsuite></testsuites>