<?xml version="1.0" encoding="utf-8"?><testsuites name="pytest tests"><testsuite name="pytest" errors="0" failures="0" skipped="0" tests="11" time="2.688" timestamp="2026-08-22T11:38:57.319475+00:00" hostname="agent-env-14cb320a-1f1b-4616-96a7-8cd1905977c1"><testcase classname="tests.test_iteration2.TestCompanyProfile" name="test_get_public" time="0.151" /><testcase classname="tests.test_iteration2.TestCompanyProfile" name="test_update_requires_auth" time="0.103" /><testcase classname="tests.test_iteration2.TestCompanyProfile" name="test_update_and_persist" time="0.670" /><testcase classname="tests.test_iteration2.TestReceipts" name="test_create_received_farmer" time="0.272" /><testcase classname="tests.test_iteration2.TestReceipts" name="test_paid_creates_debit" time="0.094" /><testcase classname="tests.test_iteration2.TestReceipts" name="test_edit_updates_ledger" time="0.132" /><testcase classname="tests.test_iteration2.TestReceipts" name="test_company_receipt_no_ledger" time="0.045" /><testcase classname="tests.test_iteration2.TestReceipts" name="test_delete_removes_ledger" time="0.129" /><testcase classname="tests.test_iteration2.TestOutstanding" name="test_outstanding_shape" time="0.049" /><testcase classname="tests.test_iteration2.TestOutstanding" name="test_company_billed_minus_received" time="0.135" /><testcase classname="tests.test_iteration2.TestLots" name="test_trace_lot" time="0.839" /></testsuite></testsuites>