<?xml version="1.0" encoding="utf-8"?><testsuites name="pytest tests"><testsuite name="pytest" errors="0" failures="0" skipped="0" tests="10" time="79.901" timestamp="2026-08-22T13:12:24.430396+00:00" hostname="agent-env-14cb320a-1f1b-4616-96a7-8cd1905977c1"><testcase classname="tests.test_iteration5.TestPaymentStatusCompany" name="test_defaults_cash_paid_credit_unpaid" time="1.816" /><testcase classname="tests.test_iteration5.TestPaymentStatusCompany" name="test_paid_sale_settles_outstanding" time="1.962" /><testcase classname="tests.test_iteration5.TestPaymentStatusFarmer" name="test_paid_farmer_sale_creates_sale_payment_credit" time="1.701" /><testcase classname="tests.test_iteration5.TestSeasonChart" name="test_shape" time="0.118" /><testcase classname="tests.test_iteration5.TestLowStockThreshold" name="test_profile_has_and_persists_threshold" time="0.532" /><testcase classname="tests.test_iteration5.TestLowStockEndpoint" name="test_low_stock_threshold_affects_results" time="1.459" /><testcase classname="tests.test_iteration5.TestCronMonthlyStatements" name="test_no_secret_401" time="68.191" /><testcase classname="tests.test_iteration5.TestCronMonthlyStatements" name="test_wrong_secret_401" time="0.197" /><testcase classname="tests.test_iteration5.TestCronMonthlyStatements" name="test_correct_secret_and_idempotency" time="3.352" /><testcase classname="tests.test_iteration5.TestCronMonthlyStatements" name="test_cron_runs_operator_forbidden" time="0.494" /></testsuite></testsuites>