<?xml version="1.0" encoding="utf-8"?><testsuites name="pytest tests"><testsuite name="pytest" errors="0" failures="0" skipped="0" tests="12" time="5.449" timestamp="2026-08-22T12:00:55.052963+00:00" hostname="agent-env-14cb320a-1f1b-4616-96a7-8cd1905977c1"><testcase classname="tests.test_iteration4.TestSaleStockValidation" name="test_sale_within_stock_succeeds" time="1.906" /><testcase classname="tests.test_iteration4.TestCompanyProfileThreshold" name="test_get_profile_has_threshold" time="0.846" /><testcase classname="tests.test_iteration4.TestCompanyProfileThreshold" name="test_admin_can_update_threshold_persists" time="0.492" /><testcase classname="tests.test_iteration4.TestCompanyProfileThreshold" name="test_operator_cannot_update_profile" time="0.442" /><testcase classname="tests.test_iteration4.TestEmailStatement" name="test_email_statement_admin_only" time="0.195" /><testcase classname="tests.test_iteration4.TestSaleStockValidation" name="test_sale_over_stock_rejected" time="1.094" /><testcase classname="tests.test_iteration4.TestEmailStatement" name="test_email_statement_no_email_returns_400" time="0.428" /><testcase classname="tests.test_iteration4.TestEmailStatement" name="test_email_statement_sends" time="0.530" /><testcase classname="tests.test_iteration4.TestFarmerEmailField" name="test_create_farmer_with_email_and_persist" time="0.342" /><testcase classname="tests.test_iteration4.TestSaleStockValidation" name="test_sale_over_lot_rejected" time="1.384" /><testcase classname="tests.test_iteration4.TestSeasonComparison" name="test_seasons_shape" time="0.101" /><testcase classname="tests.test_iteration4.TestSeasonComparison" name="test_seasons_operator_allowed" time="0.426" /></testsuite></testsuites>