<?xml version="1.0" encoding="utf-8"?><testsuites name="pytest tests"><testsuite name="pytest" errors="0" failures="0" skipped="0" tests="26" time="9.570" timestamp="2026-09-07T05:43:14.118198+00:00" hostname="agent-env-14cb320a-1f1b-4616-96a7-8cd1905977c1"><testcase classname="tests.test_saas_multitenant.TestAuthSignup" name="test_signup_creates_workspace_and_returns_token" time="0.554" /><testcase classname="tests.test_saas_multitenant.TestAuthSignup" name="test_me_returns_tenant_and_companies" time="0.130" /><testcase classname="tests.test_saas_multitenant.TestAuthSignup" name="test_signup_duplicate_email_400" time="0.154" /><testcase classname="tests.test_saas_multitenant.TestAuthSignup" name="test_signup_short_password_400" time="0.136" /><testcase classname="tests.test_saas_multitenant.TestAuthSignup" name="test_signup_missing_workspace_400" time="0.160" /><testcase classname="tests.test_saas_multitenant.TestAuthSignup" name="test_login_wrong_password_401" time="0.412" /><testcase classname="tests.test_saas_multitenant.TestTenantIsolation" name="test_create_party_in_tenant_a" time="0.117" /><testcase classname="tests.test_saas_multitenant.TestTenantIsolation" name="test_tenant_b_cannot_see_tenant_a_parties" time="0.490" /><testcase classname="tests.test_saas_multitenant.TestTenantIsolation" name="test_tenant_a_sees_own_party" time="0.144" /><testcase classname="tests.test_saas_multitenant.TestTenantIsolation" name="test_categories_isolated" time="0.354" /><testcase classname="tests.test_saas_multitenant.TestPlanLimits" name="test_trial_second_company_402" time="0.137" /><testcase classname="tests.test_saas_multitenant.TestPlanLimits" name="test_upgrade_plan_via_superadmin_then_add_second_company" time="0.744" /><testcase classname="tests.test_saas_multitenant.TestPlanLimits" name="test_switch_to_second_company_products_empty" time="0.117" /><testcase classname="tests.test_saas_multitenant.TestPlanLimits" name="test_parties_shared_tenant_wide" time="0.183" /><testcase classname="tests.test_saas_multitenant.TestSuspensionFlow" name="test_suspend_tenant_b_and_scoped_returns_402" time="0.230" /><testcase classname="tests.test_saas_multitenant.TestSuspensionFlow" name="test_reactivate_tenant_b_access_restored" time="0.231" /><testcase classname="tests.test_saas_multitenant.TestRoleBoundaries" name="test_superadmin_cannot_read_tenant_data" time="0.152" /><testcase classname="tests.test_saas_multitenant.TestRoleBoundaries" name="test_tenant_user_cannot_read_platform" time="0.112" /><testcase classname="tests.test_saas_multitenant.TestRoleBoundaries" name="test_tenant_user_cannot_call_platform_stats" time="0.124" /><testcase classname="tests.test_saas_multitenant.TestPlatformConsole" name="test_platform_stats" time="0.131" /><testcase classname="tests.test_saas_multitenant.TestPlatformConsole" name="test_platform_tenants_list" time="0.116" /><testcase classname="tests.test_saas_multitenant.TestPlatformConsole" name="test_platform_plans" time="0.128" /><testcase classname="tests.test_saas_multitenant.TestPlatformConsole" name="test_platform_extend_days" time="0.149" /><testcase classname="tests.test_saas_multitenant.TestCoreERPFlow" name="test_full_purchase_sale_flow" time="1.586" /><testcase classname="tests.test_saas_multitenant.TestStaffUsers" name="test_create_operator_and_check_role_gating" time="1.433" /><testcase classname="tests.test_saas_multitenant.TestStaffUsers" name="test_trial_max_users_402" time="1.156" /></testsuite></testsuites>