<?xml version="1.0" encoding="utf-8"?><testsuites name="pytest tests"><testsuite name="pytest" errors="0" failures="0" skipped="0" tests="42" time="9.030" timestamp="2026-08-22T13:44:06.892402+00:00" hostname="agent-env-14cb320a-1f1b-4616-96a7-8cd1905977c1"><testcase classname="tests.test_iteration7.TestAuth" name="test_admin_login" time="0.489" /><testcase classname="tests.test_iteration7.TestAuth" name="test_login_bad" time="0.342" /><testcase classname="tests.test_iteration7.TestAuth" name="test_me" time="0.460" /><testcase classname="tests.test_iteration7.TestCategories" name="test_seeded_defaults" time="0.048" /><testcase classname="tests.test_iteration7.TestCategories" name="test_create_edit_delete_new_category" time="0.149" /><testcase classname="tests.test_iteration7.TestCategories" name="test_delete_category_with_products_blocked" time="0.147" /><testcase classname="tests.test_iteration7.TestParties" name="test_create_multirole_party" time="0.098" /><testcase classname="tests.test_iteration7.TestParties" name="test_create_no_role_400" time="0.047" /><testcase classname="tests.test_iteration7.TestParties" name="test_role_filter" time="0.143" /><testcase classname="tests.test_iteration7.TestParties" name="test_update_and_status" time="0.143" /><testcase classname="tests.test_iteration7.TestProducts" name="test_product_needs_category" time="0.045" /><testcase classname="tests.test_iteration7.TestProducts" name="test_product_filter" time="0.048" /><testcase classname="tests.test_iteration7.TestDualPartyLedger" name="test_ledger_balance" time="0.205" /><testcase classname="tests.test_iteration7.TestDualPartyLedger" name="test_oversell_rejected" time="0.055" /><testcase classname="tests.test_iteration7.TestDualPartyLedger" name="test_outstanding_universal" time="0.047" /><testcase classname="tests.test_iteration7.TestDualPartyLedger" name="test_ledger_manual_add_and_auto_protected" time="0.195" /><testcase classname="tests.test_iteration7.TestDualPartyLedger" name="test_ledger_no_party_400" time="0.188" /><testcase classname="tests.test_iteration7.TestPayments" name="test_sale_payment" time="0.246" /><testcase classname="tests.test_iteration7.TestPayments" name="test_sale_payment_over_400" time="0.051" /><testcase classname="tests.test_iteration7.TestPayments" name="test_purchase_payment" time="0.200" /><testcase classname="tests.test_iteration7.TestStockLots" name="test_stock_by_category" time="0.050" /><testcase classname="tests.test_iteration7.TestStockLots" name="test_lot_trace" time="0.052" /><testcase classname="tests.test_iteration7.TestDashboard" name="test_summary" time="0.054" /><testcase classname="tests.test_iteration7.TestDashboard" name="test_summary_operator_hides_money" time="0.494" /><testcase classname="tests.test_iteration7.TestDashboard" name="test_seasons" time="0.050" /><testcase classname="tests.test_iteration7.TestDashboard" name="test_season_chart" time="0.048" /><testcase classname="tests.test_iteration7.TestDashboard" name="test_low_stock" time="0.051" /><testcase classname="tests.test_iteration7.TestDashboard" name="test_reorder" time="0.048" /><testcase classname="tests.test_iteration7.TestOperatorRoles" name="test_allowed" time="0.315" /><testcase classname="tests.test_iteration7.TestOperatorRoles" name="test_blocked" time="0.264" /><testcase classname="tests.test_iteration7.TestOperatorRoles" name="test_blocked_reports_and_outstanding" time="0.124" /><testcase classname="tests.test_iteration7.TestOperatorRoles" name="test_operator_stock_lots_ok" time="0.094" /><testcase classname="tests.test_iteration7.TestOperatorRoles" name="test_operator_put_company_profile_403" time="0.057" /><testcase classname="tests.test_iteration7.TestObsoleteEndpoints" name="test_farmers_404" time="0.046" /><testcase classname="tests.test_iteration7.TestObsoleteEndpoints" name="test_vendors_404" time="0.046" /><testcase classname="tests.test_iteration7.TestObsoleteEndpoints" name="test_companies_404" time="0.046" /><testcase classname="tests.test_iteration7.TestReportsInvoices" name="test_invoices" time="0.051" /><testcase classname="tests.test_iteration7.TestReportsInvoices" name="test_reports_transactions" time="0.048" /><testcase classname="tests.test_iteration7.TestCrons" name="test_cron_requires_auth" time="0.120" /><testcase classname="tests.test_iteration7.TestCrons" name="test_cron_monthly_and_idempotent" time="0.246" /><testcase classname="tests.test_iteration7.TestCrons" name="test_cron_balance_reminders_idempotent" time="0.209" /><testcase classname="tests.test_iteration7.TestCrons" name="test_cron_runs_listed" time="3.051" /></testsuite></testsuites>