<?xml version="1.0" encoding="utf-8"?><testsuites name="pytest tests"><testsuite name="pytest" errors="0" failures="0" skipped="0" tests="25" time="4.680" timestamp="2026-08-22T11:30:04.720092+00:00" hostname="agent-env-14cb320a-1f1b-4616-96a7-8cd1905977c1"><testcase classname="tests.backend_test.TestMasters" name="test_vendor_crud" time="0.991" /><testcase classname="tests.backend_test.TestMasters" name="test_farmer_create" time="0.056" /><testcase classname="tests.backend_test.TestMasters" name="test_company_create" time="0.043" /><testcase classname="tests.backend_test.TestMasters" name="test_godown_create" time="0.043" /><testcase classname="tests.backend_test.TestMasters" name="test_product_category_filter" time="0.231" /><testcase classname="tests.backend_test.TestTransactions" name="test_purchase_amount_per_bag" time="1.251" /><testcase classname="tests.backend_test.TestTransactions" name="test_purchase_amount_per_weight" time="0.136" /><testcase classname="tests.backend_test.TestMasters" name="test_name_required" time="0.081" /><testcase classname="tests.backend_test.TestTransactions" name="test_sale_to_farmer_creates_debit" time="0.111" /><testcase classname="tests.backend_test.TestAuth" name="test_login_bad_password" time="0.372" /><testcase classname="tests.backend_test.TestTransactions" name="test_ledger_auto_entry_not_deletable" time="0.091" /><testcase classname="tests.backend_test.TestTransactions" name="test_ledger_manual_add_and_delete" time="0.274" /><testcase classname="tests.backend_test.TestAuth" name="test_me_requires_auth" time="0.118" /><testcase classname="tests.backend_test.TestTransactions" name="test_credit_note_creates_credit" time="0.209" /><testcase classname="tests.backend_test.TestAuth" name="test_me_with_bearer" time="0.041" /><testcase classname="tests.backend_test.TestAuth" name="test_all_endpoints_require_auth" time="1.572" /><testcase classname="tests.backend_test.TestTransactions" name="test_ledger_balance_running" time="0.044" /><testcase classname="tests.backend_test.TestTransactions" name="test_stock_computation" time="0.047" /><testcase classname="tests.backend_test.TestTransactions" name="test_stock_potato_lots" time="0.086" /><testcase classname="tests.backend_test.TestTransactions" name="test_stock_invalid_category" time="0.045" /><testcase classname="tests.backend_test.TestCompanyProfile" name="test_get_profile_public" time="0.694" /><testcase classname="tests.backend_test.TestReports" name="test_dashboard" time="0.047" /><testcase classname="tests.backend_test.TestReports" name="test_report_transactions" time="0.043" /><testcase classname="tests.backend_test.TestReports" name="test_report_invalid_kind" time="0.042" /><testcase classname="tests.backend_test.TestReports" name="test_invoices_filter" time="0.394" /></testsuite></testsuites>