<?xml version="1.0" encoding="utf-8"?><testsuites name="pytest tests"><testsuite name="pytest" errors="0" failures="0" skipped="1" tests="12" time="3.861" timestamp="2026-09-07T06:43:18.895540+00:00" hostname="agent-env-14cb320a-1f1b-4616-96a7-8cd1905977c1"><testcase classname="tests.test_rbac_roles" name="test_accountant_auth_me_perms" time="0.546" /><testcase classname="tests.test_rbac_roles" name="test_accountant_get_access[/api/ledger-200]" time="0.161" /><testcase classname="tests.test_rbac_roles" name="test_accountant_get_access[/api/receipts-200]" time="0.119" /><testcase classname="tests.test_rbac_roles" name="test_accountant_get_access[/api/sales-403]" time="0.116" /><testcase classname="tests.test_rbac_roles" name="test_accountant_get_access[/api/parties-403]" time="0.175" /><testcase classname="tests.test_rbac_roles" name="test_accountant_get_access[/api/users-403]" time="0.146" /><testcase classname="tests.test_rbac_roles" name="test_accountant_post_sales_forbidden" time="0.132" /><testcase classname="tests.test_rbac_roles" name="test_owner_full_access" time="1.359" /><testcase classname="tests.test_rbac_roles" name="test_roles_features_shape" time="0.113" /><testcase classname="tests.test_rbac_roles" name="test_role_create_edit_delete" time="0.454" /><testcase classname="tests.test_rbac_roles" name="test_role_delete_blocked_when_assigned" time="0.000"><skipped type="pytest.skip" message="acc user has no role_id">/app/backend/tests/test_rbac_roles.py:120: acc user has no role_id</skipped></testcase><testcase classname="tests.test_rbac_roles" name="test_accountant_cannot_access_roles" time="0.123" /></testsuite></testsuites>